<?xml version="1.0" encoding="UTF-8"?>
<!-- Generated by org.testng.reporters.JUnitXMLReporter -->
<testsuite hostname="LAPTOP-LPNLMA61" failures="1" tests="4" name="Test" time="40.758" errors="0" timestamp="13 Sep 2019 08:19:04 GMT">
  <testcase classname="qaacademy.Homepage" name="Login" time="12.452"/>
  <testcase classname="qaacademy.Homepage" name="Login" time="5.857"/>
  <testcase classname="qaacademy.ValidateText" name="validatetextInmainpage" time="0.06">
    <failure type="junit.framework.ComparisonFailure" message="expected:&amp;lt;...&amp;gt; but was:&amp;lt;...123&amp;gt;">
      <![CDATA[junit.framework.ComparisonFailure: expected:<...> but was:<...123>
	at junit.framework.Assert.assertEquals(Assert.java:81)
	at junit.framework.Assert.assertEquals(Assert.java:87)
	at qaacademy.ValidateText.validatetextInmainpage(ValidateText.java:41)
... Removed 28 stack frames]]>
    </failure>
  </testcase> <!-- validatetextInmainpage -->
  <testcase classname="qaacademy.ValidateNavbar" name="ValidateNavigationbar" time="0.112"/>
</testsuite> <!-- Test -->
