<?xml version="1.0" encoding="UTF-8"?>
<testng-results total="4" passed="3" failed="1" skipped="0">
  <reporter-output>
  </reporter-output>
  <suite started-at="2019-09-13T08:18:23Z" name="Suite" finished-at="2019-09-13T08:19:04Z" duration-ms="40758">
    <groups>
    </groups>
    <test started-at="2019-09-13T08:18:23Z" name="Test" finished-at="2019-09-13T08:19:04Z" duration-ms="40758">
      <class name="qaacademy.ValidateNavbar">
        <test-method is-config="true" signature="initialize()[pri:0, instance:qaacademy.ValidateNavbar@a82c5f1]" started-at="2019-09-13T15:18:53Z" name="initialize" finished-at="2019-09-13T15:19:03Z" duration-ms="10050" status="PASS">
          <reporter-output>
          </reporter-output>
        </test-method> <!-- initialize -->
        <test-method signature="ValidateNavigationbar()[pri:0, instance:qaacademy.ValidateNavbar@a82c5f1]" started-at="2019-09-13T15:19:03Z" name="ValidateNavigationbar" finished-at="2019-09-13T15:19:03Z" duration-ms="112" status="PASS">
          <reporter-output>
          </reporter-output>
        </test-method> <!-- ValidateNavigationbar -->
        <test-method is-config="true" signature="teardown()[pri:0, instance:qaacademy.ValidateNavbar@a82c5f1]" started-at="2019-09-13T15:19:03Z" name="teardown" finished-at="2019-09-13T15:19:04Z" duration-ms="375" status="PASS">
          <reporter-output>
          </reporter-output>
        </test-method> <!-- teardown -->
      </class> <!-- qaacademy.ValidateNavbar -->
      <class name="qaacademy.ValidateText">
        <test-method is-config="true" signature="initialize()[pri:0, instance:qaacademy.ValidateText@329dbdbf]" started-at="2019-09-13T15:18:46Z" name="initialize" finished-at="2019-09-13T15:18:52Z" duration-ms="6320" status="PASS">
          <reporter-output>
          </reporter-output>
        </test-method> <!-- initialize -->
        <test-method signature="validatetextInmainpage()[pri:0, instance:qaacademy.ValidateText@329dbdbf]" started-at="2019-09-13T15:18:52Z" name="validatetextInmainpage" finished-at="2019-09-13T15:18:52Z" duration-ms="60" status="FAIL">
          <exception class="junit.framework.ComparisonFailure">
            <message>
              <![CDATA[expected:<...> but was:<...123>]]>
            </message>
            <full-stacktrace>
              <![CDATA[junit.framework.ComparisonFailure: expected:<...> but was:<...123>
	at junit.framework.Assert.assertEquals(Assert.java:81)
	at junit.framework.Assert.assertEquals(Assert.java:87)
	at qaacademy.ValidateText.validatetextInmainpage(ValidateText.java:41)
	at java.base/jdk.internal.reflect.NativeMethodAccessorImpl.invoke0(Native Method)
	at java.base/jdk.internal.reflect.NativeMethodAccessorImpl.invoke(NativeMethodAccessorImpl.java:62)
	at java.base/jdk.internal.reflect.DelegatingMethodAccessorImpl.invoke(DelegatingMethodAccessorImpl.java:43)
	at java.base/java.lang.reflect.Method.invoke(Method.java:567)
	at org.testng.internal.MethodInvocationHelper.invokeMethod(MethodInvocationHelper.java:85)
	at org.testng.internal.Invoker.invokeMethod(Invoker.java:659)
	at org.testng.internal.Invoker.invokeTestMethod(Invoker.java:845)
	at org.testng.internal.Invoker.invokeTestMethods(Invoker.java:1153)
	at org.testng.internal.TestMethodWorker.invokeTestMethods(TestMethodWorker.java:125)
	at org.testng.internal.TestMethodWorker.run(TestMethodWorker.java:108)
	at org.testng.TestRunner.privateRun(TestRunner.java:771)
	at org.testng.TestRunner.run(TestRunner.java:621)
	at org.testng.SuiteRunner.runTest(SuiteRunner.java:357)
	at org.testng.SuiteRunner.runSequentially(SuiteRunner.java:352)
	at org.testng.SuiteRunner.privateRun(SuiteRunner.java:310)
	at org.testng.SuiteRunner.run(SuiteRunner.java:259)
	at org.testng.SuiteRunnerWorker.runSuite(SuiteRunnerWorker.java:52)
	at org.testng.SuiteRunnerWorker.run(SuiteRunnerWorker.java:86)
	at org.testng.TestNG.runSuitesSequentially(TestNG.java:1199)
	at org.testng.TestNG.runSuitesLocally(TestNG.java:1124)
	at org.testng.TestNG.run(TestNG.java:1032)
	at org.apache.maven.surefire.testng.TestNGExecutor.run(TestNGExecutor.java:283)
	at org.apache.maven.surefire.testng.TestNGXmlTestSuite.execute(TestNGXmlTestSuite.java:75)
	at org.apache.maven.surefire.testng.TestNGProvider.invoke(TestNGProvider.java:120)
	at org.apache.maven.surefire.booter.ForkedBooter.invokeProviderInSameClassLoader(ForkedBooter.java:384)
	at org.apache.maven.surefire.booter.ForkedBooter.runSuitesInProcess(ForkedBooter.java:345)
	at org.apache.maven.surefire.booter.ForkedBooter.execute(ForkedBooter.java:126)
	at org.apache.maven.surefire.booter.ForkedBooter.main(ForkedBooter.java:418)
]]>
            </full-stacktrace>
          </exception> <!-- junit.framework.ComparisonFailure -->
          <reporter-output>
          </reporter-output>
        </test-method> <!-- validatetextInmainpage -->
        <test-method is-config="true" signature="teardown()[pri:0, instance:qaacademy.ValidateText@329dbdbf]" started-at="2019-09-13T15:18:53Z" name="teardown" finished-at="2019-09-13T15:18:53Z" duration-ms="190" status="PASS">
          <reporter-output>
          </reporter-output>
        </test-method> <!-- teardown -->
      </class> <!-- qaacademy.ValidateText -->
      <class name="qaacademy.Homepage">
        <test-method is-config="true" signature="initialize()[pri:0, instance:qaacademy.Homepage@7b7fdc8]" started-at="2019-09-13T15:18:23Z" name="initialize" finished-at="2019-09-13T15:18:27Z" duration-ms="4179" status="PASS">
          <reporter-output>
          </reporter-output>
        </test-method> <!-- initialize -->
        <test-method signature="Login(java.lang.String, java.lang.String, java.lang.String)[pri:0, instance:qaacademy.Homepage@7b7fdc8]" started-at="2019-09-13T15:18:27Z" name="Login" data-provider="getdata" finished-at="2019-09-13T15:18:40Z" duration-ms="12452" status="PASS">
          <params>
            <param index="0">
              <value>
                <![CDATA[Unrestricted@gmail.com]]>
              </value>
            </param>
            <param index="1">
              <value>
                <![CDATA[1234]]>
              </value>
            </param>
            <param index="2">
              <value>
                <![CDATA[Unrestricted]]>
              </value>
            </param>
          </params>
          <reporter-output>
          </reporter-output>
        </test-method> <!-- Login -->
        <test-method signature="Login(java.lang.String, java.lang.String, java.lang.String)[pri:0, instance:qaacademy.Homepage@7b7fdc8]" started-at="2019-09-13T15:18:40Z" name="Login" data-provider="getdata" finished-at="2019-09-13T15:18:46Z" duration-ms="5857" status="PASS">
          <params>
            <param index="0">
              <value>
                <![CDATA[restricted@gmail.com]]>
              </value>
            </param>
            <param index="1">
              <value>
                <![CDATA[5678]]>
              </value>
            </param>
            <param index="2">
              <value>
                <![CDATA[restricted]]>
              </value>
            </param>
          </params>
          <reporter-output>
          </reporter-output>
        </test-method> <!-- Login -->
        <test-method is-config="true" signature="teardown()[pri:0, instance:qaacademy.Homepage@7b7fdc8]" started-at="2019-09-13T15:18:46Z" name="teardown" finished-at="2019-09-13T15:18:46Z" duration-ms="249" status="PASS">
          <reporter-output>
          </reporter-output>
        </test-method> <!-- teardown -->
      </class> <!-- qaacademy.Homepage -->
    </test> <!-- Test -->
  </suite> <!-- Suite -->
</testng-results>
