-------------------------------------------------------------------------------
Test set: TestSuite
-------------------------------------------------------------------------------
Tests run: 4, Failures: 1, Errors: 0, Skipped: 0, Time elapsed: 42.699 s <<< FAILURE! - in TestSuite
validatetextInmainpage(qaacademy.ValidateText)  Time elapsed: 0.069 s  <<< FAILURE!
junit.framework.ComparisonFailure: expected:<...> but was:<...123>
	at qaacademy.ValidateText.validatetextInmainpage(ValidateText.java:41)

