<?xml version="1.0" encoding="UTF-8"?>
<!-- Generated by org.testng.reporters.JUnitXMLReporter -->
<testsuite ignored="0" hostname="LAPTOP-LPNLMA61" failures="0" tests="4" name="Test" time="33.893" errors="0" timestamp="2019-09-10T14:51:38 ICT">
  <testcase classname="qaacademy.Homepage" name="basePageNavigation" time="11.128"/>
  <testcase classname="qaacademy.Homepage" name="basePageNavigation" time="6.224"/>
  <testcase classname="qaacademy.ValidateText" name="basePageNavigation" time="0.059"/>
  <testcase classname="qaacademy.ValidateNavbar" name="basePageNavigation" time="0.093"/>
</testsuite> <!-- Test -->
